<?xml version="1.0" encoding="utf-8"?><testsuites><testsuite name="pytest" errors="0" failures="0" skipped="0" tests="1" time="12.959" timestamp="2024-12-26T17:28:58.991206+05:30" hostname="LAP-55354"><testcase classname="src.tests.controller_tests.test_book_controller.TestBookHandler" name="test_get_all_books_empty" time="0.087" /></testsuite></testsuites>