<?xml version="1.0" encoding="utf-8"?><testsuites><testsuite name="pytest" errors="0" failures="0" skipped="0" tests="1" time="1.873" timestamp="2024-12-23T13:54:17.600347+05:30" hostname="LAP-55354"><testcase classname="src.tests.controller_tests.test_user_controller.TestUserHandler" name="test_login_unexpected_error" time="0.025" /></testsuite></testsuites>