<?xml version="1.0" encoding="utf-8"?><testsuites><testsuite name="pytest" errors="0" failures="0" skipped="0" tests="1" time="7.783" timestamp="2024-12-17T14:03:52.807068+05:30" hostname="LAP-55354"><testcase classname="src.tests.repository_tests.test_user_repository.TestUserRepository" name="test_fetch_user_by_email_not_found" time="0.056" /></testsuite></testsuites>