<?xml version="1.0" encoding="utf-8"?><testsuites><testsuite name="pytest" errors="0" failures="0" skipped="3" tests="136" time="21.750" timestamp="2024-12-27T12:04:28.231943+05:30" hostname="LAP-55354"><testcase classname="src.tests.controller_tests.test_book_controller.TestBookHandler" name="test_create_book_success" time="0.076" /><testcase classname="src.tests.controller_tests.test_book_controller.TestBookHandler" name="test_create_book_error" time="0.017" /><testcase classname="src.tests.controller_tests.test_book_controller.TestBookHandler" name="test_update_book_success" time="0.017" /><testcase classname="src.tests.controller_tests.test_book_controller.TestBookHandler" name="test_update_book_not_exists" time="0.016" /><testcase classname="src.tests.controller_tests.test_book_controller.TestBookHandler" name="test_update_book_error" time="0.018" /><testcase classname="src.tests.controller_tests.test_book_controller.TestBookHandler" name="test_remove_book_success" time="0.018" /><testcase classname="src.tests.controller_tests.test_book_controller.TestBookHandler" name="test_remove_book_not_exists" time="0.016" /><testcase classname="src.tests.controller_tests.test_book_controller.TestBookHandler" name="test_remove_book_error" time="0.017" /><testcase classname="src.tests.controller_tests.test_book_controller.TestBookHandler" name="test_delete_book_success" time="0.016" /><testcase classname="src.tests.controller_tests.test_book_controller.TestBookHandler" name="test_delete_book_not_exists" time="0.017" /><testcase classname="src.tests.controller_tests.test_book_controller.TestBookHandler" name="test_delete_book_error" time="0.015" /><testcase classname="src.tests.controller_tests.test_book_controller.TestBookHandler" name="test_get_all_books_success" time="0.017" /><testcase classname="src.tests.controller_tests.test_book_controller.TestBookHandler" name="test_get_all_books_empty" time="0.016" /><testcase classname="src.tests.controller_tests.test_book_controller.TestBookHandler" name="test_get_all_books_error" time="0.016" /><testcase classname="src.tests.controller_tests.test_book_controller.TestBookHandler" name="test_get_book_by_title_success" time="0.017" /><testcase classname="src.tests.controller_tests.test_book_controller.TestBookHandler" name="test_get_book_by_title_not_found" time="0.017" /><testcase classname="src.tests.controller_tests.test_book_controller.TestBookHandler" name="test_get_book_by_title_error" time="0.015" /><testcase classname="src.tests.controller_tests.test_issue_book_controller.TestIssueBookHandler" name="test_issue_book_success" time="0.023" /><testcase classname="src.tests.controller_tests.test_issue_book_controller.TestIssueBookHandler" name="test_issue_book_not_exists" time="0.027" /><testcase classname="src.tests.controller_tests.test_issue_book_controller.TestIssueBookHandler" name="test_issue_book_unexpected_error" time="0.024" /><testcase classname="src.tests.controller_tests.test_issue_book_controller.TestIssueBookHandler" name="test_return_book_success" time="0.024" /><testcase classname="src.tests.controller_tests.test_issue_book_controller.TestIssueBookHandler" name="test_return_book_not_exists" time="0.022" /><testcase classname="src.tests.controller_tests.test_issue_book_controller.TestIssueBookHandler" name="test_return_book_unexpected_error" time="0.021" /><testcase classname="src.tests.controller_tests.test_issue_book_controller.TestIssueBookHandler" name="test_get_issued_books_user" time="0.026" /><testcase classname="src.tests.controller_tests.test_issue_book_controller.TestIssueBookHandler" name="test_get_issued_books_admin_all" time="0.024" /><testcase classname="src.tests.controller_tests.test_issue_book_controller.TestIssueBookHandler" name="test_get_issued_books_admin_all_error" time="0.028" /><testcase classname="src.tests.controller_tests.test_issue_book_controller.TestIssueBookHandler" name="test_get_issued_books_admin_by_user" time="0.024" /><testcase classname="src.tests.controller_tests.test_issue_book_controller.TestIssueBookHandler" name="test_get_issued_books_admin_by_user_error" time="0.027" /><testcase classname="src.tests.controller_tests.test_issue_book_controller.TestIssueBookHandler" name="test_invalid_operation" time="0.022" /><testcase classname="src.tests.controller_tests.test_issue_book_controller.TestIssueBookHandler" name="test_unexpected_error" time="0.022" /><testcase classname="src.tests.controller_tests.test_main.TestLibraryManagementApp" name="test_all_routes_registered" time="0.104" /><testcase classname="src.tests.controller_tests.test_main.TestLibraryManagementApp" name="test_create_app_returns_fastapi_app" time="0.074" /><testcase classname="src.tests.controller_tests.test_main.TestLibraryManagementApp" name="test_dependencies_are_created" time="0.136" /><testcase classname="src.tests.controller_tests.test_main.TestLibraryManagementApp" name="test_exception_handler_registration" time="0.081" /><testcase classname="src.tests.controller_tests.test_user_controller.TestUserHandler" name="test_login_success" time="0.023" /><testcase classname="src.tests.controller_tests.test_user_controller.TestUserHandler" name="test_login_invalid_credentials" time="0.015" /><testcase classname="src.tests.controller_tests.test_user_controller.TestUserHandler" name="test_login_unexpected_error" time="0.018" /><testcase classname="src.tests.controller_tests.test_user_controller.TestUserHandler" name="test_signup_success" time="0.018" /><testcase classname="src.tests.controller_tests.test_user_controller.TestUserHandler" name="test_signup_user_exists" time="0.016" /><testcase classname="src.tests.controller_tests.test_user_controller.TestUserHandler" name="test_signup_unexpected_error" time="0.020" /><testcase classname="src.tests.dto_tests.test_user.TestLoginDTO" name="test_valid_login_dto" time="0.010" /><testcase classname="src.tests.dto_tests.test_user.TestLoginDTO" name="test_invalid_email_login_dto" time="0.008" /><testcase classname="src.tests.dto_tests.test_user.TestSignupDTO" name="test_valid_signup_dto" time="0.003" /><testcase classname="src.tests.dto_tests.test_user.TestSignupDTO" name="test_invalid_name_signup_dto" time="0.003" /><testcase classname="src.tests.dto_tests.test_user.TestSignupDTO" name="test_invalid_password_signup_dto" time="0.005" /><testcase classname="src.tests.dto_tests.test_user.TestSignupDTO" name="test_invalid_email_signup_dto" time="0.004" /><testcase classname="src.tests.dto_tests.test_user.TestSignupDTO" name="test_invalid_year_signup_dto" time="0.003" /><testcase classname="src.tests.dto_tests.test_user.TestSignupDTO" name="test_invalid_branch_signup_dto" time="0.003" /><testcase classname="src.tests.dto_tests.test_user.TestSignupDTO" name="test_invalid_role_signup_dto" time="0.004" /><testcase classname="src.tests.middleware_tests.test_middleware" name="test_protected" time="0.015"><skipped type="pytest.skip" message="async def function and no async plugin installed (see warnings)">C:\Users\bjain\AppData\Roaming\Python\Python313\site-packages\_pytest\python.py:149: async def function and no async plugin installed (see warnings)</skipped></testcase><testcase classname="src.tests.middleware_tests.test_middleware" name="test_login" time="0.005"><skipped type="pytest.skip" message="async def function and no async plugin installed (see warnings)">C:\Users\bjain\AppData\Roaming\Python\Python313\site-packages\_pytest\python.py:149: async def function and no async plugin installed (see warnings)</skipped></testcase><testcase classname="src.tests.middleware_tests.test_middleware" name="test_signup" time="0.003"><skipped type="pytest.skip" message="async def function and no async plugin installed (see warnings)">C:\Users\bjain\AppData\Roaming\Python\Python313\site-packages\_pytest\python.py:149: async def function and no async plugin installed (see warnings)</skipped></testcase><testcase classname="src.tests.middleware_tests.test_middleware.TestAuthMiddleware" name="test_exempt_routes_login" time="0.150" /><testcase classname="src.tests.middleware_tests.test_middleware.TestAuthMiddleware" name="test_exempt_routes_signup" time="0.024" /><testcase classname="src.tests.middleware_tests.test_middleware.TestAuthMiddleware" name="test_missing_auth_header" time="0.022" /><testcase classname="src.tests.middleware_tests.test_middleware.TestAuthMiddleware" name="test_invalid_auth_header_format" time="0.021" /><testcase classname="src.tests.middleware_tests.test_middleware.TestAuthMiddleware" name="test_valid_token" time="0.029" /><testcase classname="src.tests.middleware_tests.test_middleware.TestAuthMiddleware" name="test_expired_token" time="0.023" /><testcase classname="src.tests.middleware_tests.test_middleware.TestAuthMiddleware" name="test_invalid_token" time="0.021" /><testcase classname="src.tests.middleware_tests.test_middleware.TestAuthMiddleware" name="test_missing_user_id_in_token" time="0.024" /><testcase classname="src.tests.middleware_tests.test_middleware.TestAuthMiddleware" name="test_missing_role_in_token" time="0.022" /><testcase classname="src.tests.middleware_tests.test_middleware.TestAuthMiddleware" name="test_user_context_setting" time="0.037" /><testcase classname="src.tests.middleware_tests.test_middleware.TestAuthMiddleware" name="test_different_user_roles" time="0.046" /><testcase classname="src.tests.repository_tests.test_books_repository.TestBooksRepository" name="test_add_book_raises_database_error" time="0.022" /><testcase classname="src.tests.repository_tests.test_books_repository.TestBooksRepository" name="test_add_book_success" time="0.014" /><testcase classname="src.tests.repository_tests.test_books_repository.TestBooksRepository" name="test_delete_book_raises_database_error" time="0.011" /><testcase classname="src.tests.repository_tests.test_books_repository.TestBooksRepository" name="test_delete_book_success" time="0.014" /><testcase classname="src.tests.repository_tests.test_books_repository.TestBooksRepository" name="test_get_book_by_id_not_found" time="0.015" /><testcase classname="src.tests.repository_tests.test_books_repository.TestBooksRepository" name="test_get_book_by_id_success" time="0.015" /><testcase classname="src.tests.repository_tests.test_books_repository.TestBooksRepository" name="test_get_book_by_title_not_found" time="0.015" /><testcase classname="src.tests.repository_tests.test_books_repository.TestBooksRepository" name="test_get_book_by_title_success" time="0.015" /><testcase classname="src.tests.repository_tests.test_books_repository.TestBooksRepository" name="test_get_books_empty" time="0.016" /><testcase classname="src.tests.repository_tests.test_books_repository.TestBooksRepository" name="test_get_books_success" time="0.017" /><testcase classname="src.tests.repository_tests.test_books_repository.TestBooksRepository" name="test_update_book_availability_raises_database_error" time="0.014" /><testcase classname="src.tests.repository_tests.test_books_repository.TestBooksRepository" name="test_update_book_availability_success" time="0.014" /><testcase classname="src.tests.repository_tests.test_books_repository.TestBooksRepository" name="test_update_book_raises_database_error" time="0.014" /><testcase classname="src.tests.repository_tests.test_books_repository.TestBooksRepository" name="test_update_book_success" time="0.014" /><testcase classname="src.tests.repository_tests.test_issued_book_repository.TestIssuedBookRepository" name="test_get_issue_book_by_user_id_empty" time="0.016" /><testcase classname="src.tests.repository_tests.test_issued_book_repository.TestIssuedBookRepository" name="test_get_issue_book_by_user_id_success" time="0.024" /><testcase classname="src.tests.repository_tests.test_issued_book_repository.TestIssuedBookRepository" name="test_get_issue_books_empty" time="0.015" /><testcase classname="src.tests.repository_tests.test_issued_book_repository.TestIssuedBookRepository" name="test_get_issue_books_error" time="0.013" /><testcase classname="src.tests.repository_tests.test_issued_book_repository.TestIssuedBookRepository" name="test_get_issue_books_success" time="0.014" /><testcase classname="src.tests.repository_tests.test_issued_book_repository.TestIssuedBookRepository" name="test_remove_issue_book_raises_database_error" time="0.013" /><testcase classname="src.tests.repository_tests.test_issued_book_repository.TestIssuedBookRepository" name="test_remove_issue_book_success" time="0.013" /><testcase classname="src.tests.repository_tests.test_issued_book_repository.TestIssuedBookRepository" name="test_save_issue_book_raises_database_error" time="0.014" /><testcase classname="src.tests.repository_tests.test_issued_book_repository.TestIssuedBookRepository" name="test_save_issue_book_success" time="0.015" /><testcase classname="src.tests.repository_tests.test_user_repository.TestUserRepository" name="test_fetch_user_by_email_not_found" time="0.017" /><testcase classname="src.tests.repository_tests.test_user_repository.TestUserRepository" name="test_fetch_user_by_email_success" time="0.015" /><testcase classname="src.tests.repository_tests.test_user_repository.TestUserRepository" name="test_save_user_duplicate_entry_error" time="0.012" /><testcase classname="src.tests.repository_tests.test_user_repository.TestUserRepository" name="test_save_user_raises_database_error" time="0.011" /><testcase classname="src.tests.repository_tests.test_user_repository.TestUserRepository" name="test_save_user_success" time="0.021" /><testcase classname="src.tests.services_tests.test_book_service.TestBookService" name="test_add_book_existing_book" time="0.014" /><testcase classname="src.tests.services_tests.test_book_service.TestBookService" name="test_add_book_new_book" time="0.009" /><testcase classname="src.tests.services_tests.test_book_service.TestBookService" name="test_get_all_books" time="0.005" /><testcase classname="src.tests.services_tests.test_book_service.TestBookService" name="test_get_book_by_title_not_exist" time="0.005" /><testcase classname="src.tests.services_tests.test_book_service.TestBookService" name="test_get_book_by_title_success" time="0.005" /><testcase classname="src.tests.services_tests.test_book_service.TestBookService" name="test_remove_all_book_by_id_not_exist" time="0.006" /><testcase classname="src.tests.services_tests.test_book_service.TestBookService" name="test_remove_all_book_by_id_success" time="0.008" /><testcase classname="src.tests.services_tests.test_book_service.TestBookService" name="test_remove_book_by_id_not_exist" time="0.006" /><testcase classname="src.tests.services_tests.test_book_service.TestBookService" name="test_remove_book_by_id_success" time="0.008" /><testcase classname="src.tests.services_tests.test_book_service.TestBookService" name="test_update_book_by_id_not_exist" time="0.006" /><testcase classname="src.tests.services_tests.test_book_service.TestBookService" name="test_update_book_by_id_success" time="0.008" /><testcase classname="src.tests.services_tests.test_issue_book_service.TestIssueBookService" name="test_get_all_issued_books" time="0.006" /><testcase classname="src.tests.services_tests.test_issue_book_service.TestIssueBookService" name="test_get_issue_book_by_user_id" time="0.006" /><testcase classname="src.tests.services_tests.test_issue_book_service.TestIssueBookService" name="test_issue_book_not_available" time="0.006" /><testcase classname="src.tests.services_tests.test_issue_book_service.TestIssueBookService" name="test_issue_book_not_exists" time="0.008" /><testcase classname="src.tests.services_tests.test_issue_book_service.TestIssueBookService" name="test_issue_book_successfully" time="0.010" /><testcase classname="src.tests.services_tests.test_issue_book_service.TestIssueBookService" name="test_return_issue_book_not_exists" time="0.008" /><testcase classname="src.tests.services_tests.test_issue_book_service.TestIssueBookService" name="test_return_issue_book_successfully" time="0.010" /><testcase classname="src.tests.services_tests.test_user_service.TestUserService" name="test_login_user_invalid_password" time="0.009" /><testcase classname="src.tests.services_tests.test_user_service.TestUserService" name="test_login_user_not_found" time="0.006" /><testcase classname="src.tests.services_tests.test_user_service.TestUserService" name="test_login_user_successfully" time="0.007" /><testcase classname="src.tests.services_tests.test_user_service.TestUserService" name="test_signup_user_already_exists" time="0.006" /><testcase classname="src.tests.services_tests.test_user_service.TestUserService" name="test_signup_user_successfully" time="0.008" /><testcase classname="src.tests.utils_tests.db.test_db" name="test_db_connection" time="0.020" /><testcase classname="src.tests.utils_tests.db.test_query.TestGenericQueryBuilder" name="test_delete" time="0.005" /><testcase classname="src.tests.utils_tests.db.test_query.TestGenericQueryBuilder" name="test_insert" time="0.004" /><testcase classname="src.tests.utils_tests.db.test_query.TestGenericQueryBuilder" name="test_select_with_all_parameters" time="0.003" /><testcase classname="src.tests.utils_tests.db.test_query.TestGenericQueryBuilder" name="test_select_with_minimum_parameters" time="0.003" /><testcase classname="src.tests.utils_tests.db.test_query.TestGenericQueryBuilder" name="test_select_with_where_clause" time="0.003" /><testcase classname="src.tests.utils_tests.db.test_query.TestGenericQueryBuilder" name="test_update" time="0.004" /><testcase classname="src.tests.utils_tests.db.test_query.TestGenericQueryBuilder" name="test_update_single_column" time="0.003" /><testcase classname="src.tests.utils_tests.test_utils.TestUtils" name="test_admin_decorator_with_admin_role" time="0.004" /><testcase classname="src.tests.utils_tests.test_utils.TestUtils" name="test_admin_decorator_with_no_request_arg" time="0.003" /><testcase classname="src.tests.utils_tests.test_utils.TestUtils" name="test_admin_decorator_with_non_admin_role" time="0.003" /><testcase classname="src.tests.utils_tests.test_utils.TestUtils" name="test_check_password" time="3.387" /><testcase classname="src.tests.utils_tests.test_utils.TestUtils" name="test_create_jwt_token" time="0.003" /><testcase classname="src.tests.utils_tests.test_utils.TestUtils" name="test_decode_jwt_token" time="0.004" /><testcase classname="src.tests.utils_tests.test_utils.TestUtils" name="test_hash_password" time="1.130" /><testcase classname="src.tests.utils_tests.test_utils.TestUtils" name="test_user_decorator_with_no_request_arg" time="0.005" /><testcase classname="src.tests.utils_tests.test_utils.TestUtils" name="test_user_decorator_with_non_user_role" time="0.004" /><testcase classname="src.tests.utils_tests.test_utils.TestUtils" name="test_user_decorator_with_user_role" time="0.003" /><testcase classname="src.tests.utils_tests.validators.test_validators.TestValidators" name="test_is_email_valid" time="0.013" /><testcase classname="src.tests.utils_tests.validators.test_validators.TestValidators" name="test_is_name_valid" time="0.003" /><testcase classname="src.tests.utils_tests.validators.test_validators.TestValidators" name="test_is_password_valid" time="0.003" /><testcase classname="src.tests.utils_tests.validators.test_validators.TestValidators" name="test_is_year_valid" time="0.004" /></testsuite></testsuites>