<?xml version="1.0" encoding="utf-8"?><testsuites><testsuite name="pytest" errors="0" failures="0" skipped="0" tests="93" time="19.246" timestamp="2024-12-17T17:14:40.995894+05:30" hostname="LAP-55354"><testcase classname="src.tests.controller_tests.test_book_controller.TestBookHandler" name="test_create_book_success" time="0.115" /><testcase classname="src.tests.controller_tests.test_book_controller.TestBookHandler" name="test_create_book_validation_error" time="0.036" /><testcase classname="src.tests.controller_tests.test_book_controller.TestBookHandler" name="test_delete_all_books_success" time="0.026" /><testcase classname="src.tests.controller_tests.test_book_controller.TestBookHandler" name="test_get_all_books" time="0.026" /><testcase classname="src.tests.controller_tests.test_book_controller.TestBookHandler" name="test_get_book_by_title" time="0.024" /><testcase classname="src.tests.controller_tests.test_book_controller.TestBookHandler" name="test_remove_book_success" time="0.025" /><testcase classname="src.tests.controller_tests.test_book_controller.TestBookHandler" name="test_unexpected_error" time="0.024" /><testcase classname="src.tests.controller_tests.test_book_controller.TestBookHandler" name="test_update_book_success" time="0.026" /><testcase classname="src.tests.controller_tests.test_issue_book_controller.TestIssueBookHandler" name="test_get_all_issued_books_admin" time="0.029" /><testcase classname="src.tests.controller_tests.test_issue_book_controller.TestIssueBookHandler" name="test_get_issued_books_admin_with_user_id" time="0.030" /><testcase classname="src.tests.controller_tests.test_issue_book_controller.TestIssueBookHandler" name="test_get_issued_books_invalid_token" time="0.026" /><testcase classname="src.tests.controller_tests.test_issue_book_controller.TestIssueBookHandler" name="test_get_issued_books_user" time="0.025" /><testcase classname="src.tests.controller_tests.test_issue_book_controller.TestIssueBookHandler" name="test_issue_book_invalid_token" time="0.025" /><testcase classname="src.tests.controller_tests.test_issue_book_controller.TestIssueBookHandler" name="test_issue_book_success" time="0.028" /><testcase classname="src.tests.controller_tests.test_issue_book_controller.TestIssueBookHandler" name="test_issue_book_validation_error" time="0.023" /><testcase classname="src.tests.controller_tests.test_issue_book_controller.TestIssueBookHandler" name="test_return_book_success" time="0.026" /><testcase classname="src.tests.controller_tests.test_issue_book_controller.TestIssueBookHandler" name="test_unexpected_error" time="0.025" /><testcase classname="src.tests.middleware_tests.test_middleware.TestAuthMiddleware" name="test_expired_token" time="0.026" /><testcase classname="src.tests.middleware_tests.test_middleware.TestAuthMiddleware" name="test_invalid_token" time="0.007" /><testcase classname="src.tests.middleware_tests.test_middleware.TestAuthMiddleware" name="test_invalid_token_format" time="0.007" /><testcase classname="src.tests.middleware_tests.test_middleware.TestAuthMiddleware" name="test_missing_authorization_header" time="0.007" /><testcase classname="src.tests.middleware_tests.test_middleware.TestAuthMiddleware" name="test_valid_token" time="0.007" /><testcase classname="src.tests.repository_tests.test_books_repository.TestBooksRepository" name="test_add_book_raises_database_error" time="0.024" /><testcase classname="src.tests.repository_tests.test_books_repository.TestBooksRepository" name="test_add_book_success" time="0.013" /><testcase classname="src.tests.repository_tests.test_books_repository.TestBooksRepository" name="test_delete_book_raises_database_error" time="0.019" /><testcase classname="src.tests.repository_tests.test_books_repository.TestBooksRepository" name="test_delete_book_success" time="0.014" /><testcase classname="src.tests.repository_tests.test_books_repository.TestBooksRepository" name="test_get_book_by_id_not_found" time="0.015" /><testcase classname="src.tests.repository_tests.test_books_repository.TestBooksRepository" name="test_get_book_by_id_success" time="0.026" /><testcase classname="src.tests.repository_tests.test_books_repository.TestBooksRepository" name="test_get_book_by_title_not_found" time="0.015" /><testcase classname="src.tests.repository_tests.test_books_repository.TestBooksRepository" name="test_get_book_by_title_success" time="0.024" /><testcase classname="src.tests.repository_tests.test_books_repository.TestBooksRepository" name="test_get_books_empty" time="0.015" /><testcase classname="src.tests.repository_tests.test_books_repository.TestBooksRepository" name="test_get_books_success" time="0.015" /><testcase classname="src.tests.repository_tests.test_books_repository.TestBooksRepository" name="test_update_book_availability_raises_database_error" time="0.013" /><testcase classname="src.tests.repository_tests.test_books_repository.TestBooksRepository" name="test_update_book_availability_success" time="0.014" /><testcase classname="src.tests.repository_tests.test_books_repository.TestBooksRepository" name="test_update_book_raises_database_error" time="0.012" /><testcase classname="src.tests.repository_tests.test_books_repository.TestBooksRepository" name="test_update_book_success" time="0.016" /><testcase classname="src.tests.repository_tests.test_issued_book_repository.TestIssuedBookRepository" name="test_get_issue_book_by_user_id_empty" time="0.018" /><testcase classname="src.tests.repository_tests.test_issued_book_repository.TestIssuedBookRepository" name="test_get_issue_book_by_user_id_success" time="0.015" /><testcase classname="src.tests.repository_tests.test_issued_book_repository.TestIssuedBookRepository" name="test_get_issue_books_empty" time="0.016" /><testcase classname="src.tests.repository_tests.test_issued_book_repository.TestIssuedBookRepository" name="test_get_issue_books_error" time="0.012" /><testcase classname="src.tests.repository_tests.test_issued_book_repository.TestIssuedBookRepository" name="test_get_issue_books_success" time="0.015" /><testcase classname="src.tests.repository_tests.test_issued_book_repository.TestIssuedBookRepository" name="test_remove_issue_book_raises_database_error" time="0.012" /><testcase classname="src.tests.repository_tests.test_issued_book_repository.TestIssuedBookRepository" name="test_remove_issue_book_success" time="0.015" /><testcase classname="src.tests.repository_tests.test_issued_book_repository.TestIssuedBookRepository" name="test_save_issue_book_raises_database_error" time="0.013" /><testcase classname="src.tests.repository_tests.test_issued_book_repository.TestIssuedBookRepository" name="test_save_issue_book_success" time="0.014" /><testcase classname="src.tests.repository_tests.test_user_repository.TestUserRepository" name="test_fetch_user_by_email_not_found" time="0.018" /><testcase classname="src.tests.repository_tests.test_user_repository.TestUserRepository" name="test_fetch_user_by_email_success" time="0.016" /><testcase classname="src.tests.repository_tests.test_user_repository.TestUserRepository" name="test_save_user_duplicate_entry_error" time="0.012" /><testcase classname="src.tests.repository_tests.test_user_repository.TestUserRepository" name="test_save_user_raises_database_error" time="0.011" /><testcase classname="src.tests.repository_tests.test_user_repository.TestUserRepository" name="test_save_user_success" time="0.015" /><testcase classname="src.tests.services_test.test_book_service.TestBookService" name="test_add_book_existing_book" time="0.018" /><testcase classname="src.tests.services_test.test_book_service.TestBookService" name="test_add_book_new_book" time="0.007" /><testcase classname="src.tests.services_test.test_book_service.TestBookService" name="test_get_all_books" time="0.006" /><testcase classname="src.tests.services_test.test_book_service.TestBookService" name="test_get_book_by_title_not_exist" time="0.005" /><testcase classname="src.tests.services_test.test_book_service.TestBookService" name="test_get_book_by_title_success" time="0.005" /><testcase classname="src.tests.services_test.test_book_service.TestBookService" name="test_remove_all_book_by_id_not_exist" time="0.015" /><testcase classname="src.tests.services_test.test_book_service.TestBookService" name="test_remove_all_book_by_id_success" time="0.006" /><testcase classname="src.tests.services_test.test_book_service.TestBookService" name="test_remove_book_by_id_not_exist" time="0.006" /><testcase classname="src.tests.services_test.test_book_service.TestBookService" name="test_remove_book_by_id_success" time="0.006" /><testcase classname="src.tests.services_test.test_book_service.TestBookService" name="test_update_book_by_id_not_exist" time="0.006" /><testcase classname="src.tests.services_test.test_book_service.TestBookService" name="test_update_book_by_id_success" time="0.007" /><testcase classname="src.tests.services_test.test_issue_book_service.TestIssueBookService" name="test_get_all_issued_books" time="0.007" /><testcase classname="src.tests.services_test.test_issue_book_service.TestIssueBookService" name="test_get_issue_book_by_user_id" time="0.006" /><testcase classname="src.tests.services_test.test_issue_book_service.TestIssueBookService" name="test_issue_book_not_available" time="0.006" /><testcase classname="src.tests.services_test.test_issue_book_service.TestIssueBookService" name="test_issue_book_not_exists" time="0.008" /><testcase classname="src.tests.services_test.test_issue_book_service.TestIssueBookService" name="test_issue_book_successfully" time="0.009" /><testcase classname="src.tests.services_test.test_issue_book_service.TestIssueBookService" name="test_return_issue_book_not_exists" time="0.008" /><testcase classname="src.tests.services_test.test_issue_book_service.TestIssueBookService" name="test_return_issue_book_successfully" time="0.009" /><testcase classname="src.tests.services_test.test_user_service.TestUserService" name="test_login_user_invalid_password" time="0.007" /><testcase classname="src.tests.services_test.test_user_service.TestUserService" name="test_login_user_not_found" time="0.005" /><testcase classname="src.tests.services_test.test_user_service.TestUserService" name="test_login_user_successfully" time="0.007" /><testcase classname="src.tests.services_test.test_user_service.TestUserService" name="test_signup_user_already_exists" time="0.007" /><testcase classname="src.tests.services_test.test_user_service.TestUserService" name="test_signup_user_successfully" time="0.017" /><testcase classname="src.tests.utils.db.test_db" name="test_db_connection" time="0.034" /><testcase classname="src.tests.utils.db.test_query.TestGenericQueryBuilder" name="test_delete" time="0.006" /><testcase classname="src.tests.utils.db.test_query.TestGenericQueryBuilder" name="test_insert" time="0.004" /><testcase classname="src.tests.utils.db.test_query.TestGenericQueryBuilder" name="test_select_with_all_parameters" time="0.004" /><testcase classname="src.tests.utils.db.test_query.TestGenericQueryBuilder" name="test_select_with_minimum_parameters" time="0.006" /><testcase classname="src.tests.utils.db.test_query.TestGenericQueryBuilder" name="test_select_with_where_clause" time="0.004" /><testcase classname="src.tests.utils.db.test_query.TestGenericQueryBuilder" name="test_update" time="0.004" /><testcase classname="src.tests.utils.db.test_query.TestGenericQueryBuilder" name="test_update_single_column" time="0.003" /><testcase classname="src.tests.utils.test_utils.TestUtils" name="test_admin_decorator_with_admin_role" time="0.016" /><testcase classname="src.tests.utils.test_utils.TestUtils" name="test_admin_decorator_with_non_admin_role" time="0.017" /><testcase classname="src.tests.utils.test_utils.TestUtils" name="test_check_password" time="3.408" /><testcase classname="src.tests.utils.test_utils.TestUtils" name="test_create_jwt_token" time="0.015" /><testcase classname="src.tests.utils.test_utils.TestUtils" name="test_decode_jwt_token" time="0.010" /><testcase classname="src.tests.utils.test_utils.TestUtils" name="test_hash_password" time="1.128" /><testcase classname="src.tests.utils.test_utils.TestUtils" name="test_user_decorator_with_non_user_role" time="0.013" /><testcase classname="src.tests.utils.test_utils.TestUtils" name="test_user_decorator_with_user_role" time="0.015" /><testcase classname="src.tests.utils.validators.test_validators.TestValidators" name="test_is_email_valid" time="0.016" /><testcase classname="src.tests.utils.validators.test_validators.TestValidators" name="test_is_name_valid" time="0.003" /><testcase classname="src.tests.utils.validators.test_validators.TestValidators" name="test_is_password_valid" time="0.003" /><testcase classname="src.tests.utils.validators.test_validators.TestValidators" name="test_is_year_valid" time="0.003" /></testsuite></testsuites>