<?xml version="1.0" encoding="utf-8"?><testsuites><testsuite name="pytest" errors="0" failures="0" skipped="0" tests="11" time="3.987" timestamp="2024-12-27T11:32:42.511429+05:30" hostname="LAP-55354"><testcase classname="src.tests.middleware_tests.test_middleware.TestAuthMiddleware" name="test_exempt_routes_login" time="0.047" /><testcase classname="src.tests.middleware_tests.test_middleware.TestAuthMiddleware" name="test_exempt_routes_signup" time="0.007" /><testcase classname="src.tests.middleware_tests.test_middleware.TestAuthMiddleware" name="test_missing_auth_header" time="0.006" /><testcase classname="src.tests.middleware_tests.test_middleware.TestAuthMiddleware" name="test_invalid_auth_header_format" time="0.005" /><testcase classname="src.tests.middleware_tests.test_middleware.TestAuthMiddleware" name="test_valid_token" time="0.008" /><testcase classname="src.tests.middleware_tests.test_middleware.TestAuthMiddleware" name="test_expired_token" time="0.007" /><testcase classname="src.tests.middleware_tests.test_middleware.TestAuthMiddleware" name="test_invalid_token" time="0.006" /><testcase classname="src.tests.middleware_tests.test_middleware.TestAuthMiddleware" name="test_missing_user_id_in_token" time="0.007" /><testcase classname="src.tests.middleware_tests.test_middleware.TestAuthMiddleware" name="test_missing_role_in_token" time="0.006" /><testcase classname="src.tests.middleware_tests.test_middleware.TestAuthMiddleware" name="test_user_context_setting" time="0.010" /><testcase classname="src.tests.middleware_tests.test_middleware.TestAuthMiddleware" name="test_different_user_roles" time="0.011" /></testsuite></testsuites>