<?xml version="1.0" encoding="utf-8"?><testsuites><testsuite name="pytest" errors="0" failures="0" skipped="0" tests="5" time="10.552" timestamp="2024-12-17T15:11:50.897896+05:30" hostname="LAP-55354"><testcase classname="src.tests.middleware_tests.test_middleware.TestAuthMiddleware" name="test_expired_token" time="0.159" /><testcase classname="src.tests.middleware_tests.test_middleware.TestAuthMiddleware" name="test_invalid_token" time="0.011" /><testcase classname="src.tests.middleware_tests.test_middleware.TestAuthMiddleware" name="test_invalid_token_format" time="0.008" /><testcase classname="src.tests.middleware_tests.test_middleware.TestAuthMiddleware" name="test_missing_authorization_header" time="0.008" /><testcase classname="src.tests.middleware_tests.test_middleware.TestAuthMiddleware" name="test_valid_token" time="0.010" /></testsuite></testsuites>