<?xml version="1.0" encoding="utf-8"?><testsuites><testsuite name="pytest" errors="0" failures="0" skipped="0" tests="7" time="8.742" timestamp="2024-12-17T14:33:04.072644+05:30" hostname="LAP-55354"><testcase classname="src.tests.services_test.test_issue_book_service.TestIssueBookService" name="test_get_all_issued_books" time="0.037" /><testcase classname="src.tests.services_test.test_issue_book_service.TestIssueBookService" name="test_get_issue_book_by_user_id" time="0.006" /><testcase classname="src.tests.services_test.test_issue_book_service.TestIssueBookService" name="test_issue_book_not_available" time="0.009" /><testcase classname="src.tests.services_test.test_issue_book_service.TestIssueBookService" name="test_issue_book_not_exists" time="0.010" /><testcase classname="src.tests.services_test.test_issue_book_service.TestIssueBookService" name="test_issue_book_successfully" time="0.008" /><testcase classname="src.tests.services_test.test_issue_book_service.TestIssueBookService" name="test_return_issue_book_not_exists" time="0.008" /><testcase classname="src.tests.services_test.test_issue_book_service.TestIssueBookService" name="test_return_issue_book_successfully" time="0.008" /></testsuite></testsuites>